<?xml version="1.0" encoding="UTF-8"?>
<testsuite xmlns:xsi="http://www.w3.org/2001/XMLSchema-instance" xsi:noNamespaceSchemaLocation="https://maven.apache.org/surefire/maven-surefire-plugin/xsd/surefire-test-report.xsd" name="TestRunners.TestRunner" time="26.337" tests="1" errors="1" skipped="0" failures="0">
  <properties>
[...]
</properties>
  <testcase name="Verify user should tap on my gov button" classname="Verify User is able to do login" time="24.858">
    <error message="begin -1, end 0, length 0" type="java.lang.StringIndexOutOfBoundsException">java.lang.StringIndexOutOfBoundsException: begin -1, end 0, length 0
</error>
    <system-out><![CDATA[
@order1 @readATOExcel
Scenario: Verify user should tap on my gov button &amp#27;[90m# src/test/resources/Features/1test_ATOLogin.feature:4&amp#27;[0m
Reading ato excel 
ATO_FILE_PATH C:\\Excel_Automation
ATO_FILE_NAMEATO_exel.xlsx
XERO_FILE_PATHC:\\Excel_Automation
XERO_FILE_NAMEXeroSheet.xlsx
{jul_quater=Jul 2022 – Sep 2022 Business activity statement, from_date=01-Jul-2022, to_date=30-Jun-2023, jan_quarter=Jan 2023 – Mar 2023 Business activity statement, apr_quarter=Apr 2023 – Jun 2023 Business activity statement, oct_quarter=Oct 2022 – Dec 2022 Business activity statement, client_name=B & N ELECTRICAL SERVICES PTY LTD}
Started scenario -Verify user should tap on my gov button
Running before each step
  &amp#27;[32mGiven &amp#27;[0m&amp#27;[32mUser launch website&amp#27;[0m                       &amp#27;[90m# StepDefinition.ATOLoginStep.user_launch_website()&amp#27;[0m
Running before each step
  &amp#27;[32mWhen &amp#27;[0m&amp#27;[32muser tap on my gov button&amp#27;[0m                  &amp#27;[90m# StepDefinition.ATOLoginStep.user_tap_on_my_gov_button()&amp#27;[0m
Running before each step
user redirected to login screen
  &amp#27;[32mThen &amp#27;[0m&amp#27;[32muser must redirected to login screen&amp#27;[0m       &amp#27;[90m# StepDefinition.ATOLoginStep.user_must_redirected_to_login_screen()&amp#27;[0m
Running before each step
  &amp#27;[31mWhen &amp#27;[0m&amp#27;[31muser do login as per provided in excel&amp#27;[0m     &amp#27;[90m# StepDefinition.ATOLoginStep.user_do_login_as_per_provided_in_excel()&amp#27;[0m
      &amp#27;[31mjava.lang.StringIndexOutOfBoundsException: begin -1, end 0, length 0
	at java.base/java.lang.String.checkBoundsBeginEnd(String.java:4606)
	at java.base/java.lang.String.substring(String.java:2709)
	at java.base/java.lang.String.substring(String.java:2682)
	at com.asis.util.ExcelUtil.readExcel(ExcelUtil.java:35)
	at Pages.ATOLoginPage.sendingEmailAddress(ATOLoginPage.java:38)
	at StepDefinition.ATOLoginStep.user_do_login_as_per_provided_in_excel(ATOLoginStep.java:41)
	at âœ½.user do login as per provided in excel(file:///C:/Users/AsisKaur/eclipse-workspace/Xero/src/test/resources/Features/1test_ATOLogin.feature:9)
&amp#27;[0m
  &amp#27;[36mAnd &amp#27;[0m&amp#27;[36mclick on login button&amp#27;[0m                       &amp#27;[90m# StepDefinition.ATOLoginStep.click_on_login_button()&amp#27;[0m
Eneded scenario - Verify user should tap on my gov button
]]></system-out>
    <system-err><![CDATA[Mar 14, 2024 6:27:33 PM org.openqa.selenium.devtools.CdpVersionFinder findNearestMatch
WARNING: Unable to find an exact match for CDP version 122, returning the closest version; found: 121; Please update to a Selenium version that supports CDP version 122
]]></system-err>
  </testcase>
</testsuite>